[2016-10-24 22:11:12.048] [INFO] normal - Start server. Listening on port 8080 (http://localhost:8080)
[2016-10-24 22:11:12.051] [INFO] normal - b
[2016-10-24 22:11:27.178] [INFO] normal - Start server. Listening on port 8080 (http://localhost:8080)
[2016-10-24 22:11:27.181] [INFO] normal - id
[2016-10-24 23:24:56.643] [INFO] normal - Start server. Listening on port 8080 (http://localhost:8080)
[2016-10-24 23:26:22.978] [INFO] normal - Start server. Listening on port 8080 (http://localhost:8080)
[2016-10-24 23:26:27.370] [INFO] normal - OPTIONS /v1/authTest
[2016-10-24 23:26:27.415] [INFO] normal - SQL: select * from user where id = "2" and flag = 0
[2016-10-24 23:26:27.474] [INFO] normal - GET /v1/authTest
[2016-10-24 23:26:32.088] [INFO] normal - OPTIONS /v1/project?limit=10&offset=0
[2016-10-24 23:26:32.098] [INFO] normal - SQL: select count(*) as count from project p where p.flag=0 
[2016-10-24 23:26:32.099] [INFO] normal - SQL: select id from project p where p.flag=0  order by id desc limit 0,10 
[2016-10-24 23:26:32.102] [INFO] normal - SQL: select p.id as project_id, p.label as project_label, UNIX_TIMESTAMP(p.sorp )*1000 as project_sorp, 
[2016-10-24 23:27:34.652] [INFO] normal - GET /v1/project?limit=10&offset=0
[2016-10-24 23:27:41.957] [INFO] normal - OPTIONS /v1/authTest
[2016-10-24 23:27:42.003] [INFO] normal - SQL: select * from user where id = "2" and flag = 0
[2016-10-24 23:27:42.010] [INFO] normal - GET /v1/authTest
[2016-10-24 23:27:44.673] [INFO] normal - OPTIONS /v1/project?limit=10&offset=0
[2016-10-24 23:30:11.455] [INFO] normal - SQL: select count(*) as count from project p where p.flag=0 
[2016-10-24 23:30:11.457] [INFO] normal - SQL: select id from project p where p.flag=0  order by id desc limit 0,10 
[2016-10-24 23:30:12.118] [INFO] normal - SQL: select p.id as project_id, p.label as project_label, UNIX_TIMESTAMP(p.sorp )*1000 as project_sorp, 
[2016-10-24 23:30:12.123] [INFO] normal - SQL: select count(*) as count from project p where p.flag=0 
[2016-10-24 23:30:12.123] [INFO] normal - SQL: select id from project p where p.flag=0  order by id desc limit 0,10 
[2016-10-24 23:30:13.628] [INFO] normal - SQL: select p.id as project_id, p.label as project_label, UNIX_TIMESTAMP(p.sorp )*1000 as project_sorp, 
[2016-10-24 23:30:13.634] [INFO] normal - GET /v1/project?limit=10&offset=0
[2016-10-24 23:42:47.315] [INFO] normal - Start server. Listening on port 8080 (http://localhost:8080)
[2016-10-24 23:43:00.980] [INFO] normal - SQL: select * from user where id = "2" and flag = 0
[2016-10-24 23:43:02.287] [INFO] normal - SQL: select count(*) as count from project p where p.flag=0 
[2016-10-24 23:43:02.288] [INFO] normal - SQL: select id from project p where p.flag=0  order by id desc limit 0,10 
[2016-10-24 23:43:02.290] [INFO] normal - SQL: select p.id as project_id, p.label as project_label, UNIX_TIMESTAMP(p.sorp )*1000 as project_sorp, 
[2016-10-24 23:43:30.125] [INFO] normal - SQL: select count(*) as count from project p where p.flag=0 
[2016-10-24 23:43:30.125] [INFO] normal - SQL: select id from project p where p.flag=0  order by id desc limit 30,10 
[2016-10-24 23:43:30.126] [INFO] normal - SQL: select p.id as project_id, p.label as project_label, UNIX_TIMESTAMP(p.sorp )*1000 as project_sorp, 
[2016-10-24 23:43:39.647] [INFO] normal - SQL: select count(*) as count from project p where p.flag=0 
[2016-10-24 23:43:39.647] [INFO] normal - SQL: select id from project p where p.flag=0  order by id desc limit 20,10 
[2016-10-24 23:43:39.648] [INFO] normal - SQL: select p.id as project_id, p.label as project_label, UNIX_TIMESTAMP(p.sorp )*1000 as project_sorp, 
[2016-10-24 23:43:49.510] [INFO] normal - SQL: select count(*) as count from project p where p.flag=0 
[2016-10-24 23:43:49.510] [INFO] normal - SQL: select id from project p where p.flag=0  order by id desc limit 30,10 
[2016-10-24 23:43:49.511] [INFO] normal - SQL: select p.id as project_id, p.label as project_label, UNIX_TIMESTAMP(p.sorp )*1000 as project_sorp, 
[2016-10-24 23:45:02.660] [INFO] normal - SQL: select * from user where id = "2" and flag = 0
[2016-10-24 23:45:04.706] [INFO] normal - SQL: select count(*) as count from project p where p.flag=0 
[2016-10-24 23:45:04.707] [INFO] normal - SQL: select id from project p where p.flag=0  order by id desc limit 0,10 
[2016-10-24 23:45:04.708] [INFO] normal - SQL: select p.id as project_id, p.label as project_label, UNIX_TIMESTAMP(p.sorp )*1000 as project_sorp, 
[2016-10-24 23:45:13.243] [INFO] normal - SQL: select count(*) as count from project p where p.flag=0 
[2016-10-24 23:45:13.243] [INFO] normal - SQL: select id from project p where p.flag=0  order by id desc limit 30,10 
[2016-10-24 23:45:13.244] [INFO] normal - SQL: select p.id as project_id, p.label as project_label, UNIX_TIMESTAMP(p.sorp )*1000 as project_sorp, 
[2016-10-24 23:45:16.864] [INFO] normal - SQL: select count(*) as count from project p where p.flag=0 
[2016-10-24 23:45:16.864] [INFO] normal - SQL: select id from project p where p.flag=0  order by id desc limit 10,10 
[2016-10-24 23:45:16.865] [INFO] normal - SQL: select p.id as project_id, p.label as project_label, UNIX_TIMESTAMP(p.sorp )*1000 as project_sorp, 
[2016-10-24 23:45:19.055] [INFO] normal - SQL: select count(*) as count from project p where p.flag=0 
[2016-10-24 23:45:19.056] [INFO] normal - SQL: select id from project p where p.flag=0  order by id desc limit 20,10 
[2016-10-24 23:45:19.057] [INFO] normal - SQL: select p.id as project_id, p.label as project_label, UNIX_TIMESTAMP(p.sorp )*1000 as project_sorp, 
[2016-10-24 23:46:16.619] [INFO] normal - Start server. Listening on port 8080 (http://localhost:8080)
[2016-10-24 23:46:57.975] [INFO] normal - Start server. Listening on port 8080 (http://localhost:8080)
[2016-10-24 23:47:11.478] [INFO] normal - SQL: select * from user where id = "2" and flag = 0
[2016-10-24 23:47:26.501] [INFO] normal - SQL: select count(*) as count from project p where p.flag=0 
[2016-10-24 23:47:26.502] [INFO] normal - SQL: select id from project p where p.flag=0  order by id desc limit 0,10 
[2016-10-24 23:47:26.504] [INFO] normal - SQL: select p.id as project_id, p.label as project_label, UNIX_TIMESTAMP(p.sorp )*1000 as project_sorp, 
[2016-10-24 23:47:41.260] [INFO] normal - SQL: select count(*) as count from project p where p.flag=0 
[2016-10-24 23:47:41.261] [INFO] normal - SQL: select id from project p where p.flag=0  order by id desc limit 20,10 
[2016-10-24 23:47:41.263] [INFO] normal - SQL: select p.id as project_id, p.label as project_label, UNIX_TIMESTAMP(p.sorp )*1000 as project_sorp, 
[2016-10-24 23:47:53.770] [INFO] normal - SQL: select count(*) as count from project p where p.flag=0 
[2016-10-24 23:47:53.770] [INFO] normal - SQL: select id from project p where p.flag=0  order by id desc limit 30,10 
[2016-10-24 23:47:53.773] [INFO] normal - SQL: select p.id as project_id, p.label as project_label, UNIX_TIMESTAMP(p.sorp )*1000 as project_sorp, 
[2016-10-24 23:48:01.921] [INFO] normal - SQL: select count(*) as count from project p where p.flag=0 
[2016-10-24 23:48:01.922] [INFO] normal - SQL: select id from project p where p.flag=0  order by id desc limit 20,10 
[2016-10-24 23:48:01.924] [INFO] normal - SQL: select p.id as project_id, p.label as project_label, UNIX_TIMESTAMP(p.sorp )*1000 as project_sorp, 
[2016-10-24 23:48:13.356] [INFO] normal - SQL: select count(*) as count from project p where p.flag=0 
[2016-10-24 23:48:13.356] [INFO] normal - SQL: select id from project p where p.flag=0  order by id desc limit 60,10 
[2016-10-24 23:48:13.358] [INFO] normal - SQL: select p.id as project_id, p.label as project_label, UNIX_TIMESTAMP(p.sorp )*1000 as project_sorp, 
[2016-10-24 23:48:24.976] [INFO] normal - SQL: select count(*) as count from project p where p.flag=0 
[2016-10-24 23:48:24.976] [INFO] normal - SQL: select id from project p where p.flag=0  order by id desc limit 50,10 
[2016-10-24 23:48:24.978] [INFO] normal - SQL: select p.id as project_id, p.label as project_label, UNIX_TIMESTAMP(p.sorp )*1000 as project_sorp, 
