[2016-10-24 23:27:34.650] [TRACE] normal - findProjects: 4000
[2016-10-24 23:30:13.626] [TRACE] normal - findProjects: 2000
[2016-10-24 23:30:13.633] [TRACE] normal - findProjects: 1000
[2016-10-24 23:43:00.936] [TRACE] normal -  OPTIONS /v1/authTest
[2016-10-24 23:43:01.011] [TRACE] normal -  GET /v1/authTest
[2016-10-24 23:43:02.277] [TRACE] normal -  OPTIONS /v1/project?limit=10&offset=0
[2016-10-24 23:43:02.296] [TRACE] normal - findProjects: 0
[2016-10-24 23:43:02.297] [TRACE] normal -  GET /v1/project?limit=10&offset=0
[2016-10-24 23:43:30.117] [TRACE] normal -  OPTIONS /v1/project?limit=10&offset=30
[2016-10-24 23:43:30.130] [TRACE] normal - findProjects: 0
[2016-10-24 23:43:30.130] [TRACE] normal -  GET /v1/project?limit=10&offset=30
[2016-10-24 23:43:33.255] [TRACE] normal -  OPTIONS /v1/project?limit=10&offset=20
[2016-10-24 23:43:39.752] [TRACE] normal - findProjects: 0
[2016-10-24 23:43:39.752] [TRACE] normal -  GET /v1/project?limit=10&offset=20
[2016-10-24 23:43:49.498] [TRACE] normal -  OPTIONS /v1/project?limit=10&offset=30
[2016-10-24 23:43:49.514] [TRACE] normal - findProjects: 0
[2016-10-24 23:43:49.515] [TRACE] normal -  GET /v1/project?limit=10&offset=30
[2016-10-24 23:45:02.603] [TRACE] normal -  OPTIONS /v1/authTest
[2016-10-24 23:45:02.661] [TRACE] normal -  GET /v1/authTest
[2016-10-24 23:45:04.700] [TRACE] normal -  OPTIONS /v1/project?limit=10&offset=0
[2016-10-24 23:45:04.712] [TRACE] normal - findProjects: 0
[2016-10-24 23:45:04.712] [TRACE] normal -  GET /v1/project?limit=10&offset=0
[2016-10-24 23:45:13.235] [TRACE] normal -  OPTIONS /v1/project?limit=10&offset=30
[2016-10-24 23:45:13.246] [TRACE] normal - findProjects: 0
[2016-10-24 23:45:13.247] [TRACE] normal -  GET /v1/project?limit=10&offset=30
[2016-10-24 23:45:16.858] [TRACE] normal -  OPTIONS /v1/project?limit=10&offset=10
[2016-10-24 23:45:16.902] [TRACE] normal - findProjects: 0
[2016-10-24 23:45:16.902] [TRACE] normal -  GET /v1/project?limit=10&offset=10
[2016-10-24 23:45:19.048] [TRACE] normal -  OPTIONS /v1/project?limit=10&offset=20
[2016-10-24 23:45:19.059] [TRACE] normal - findProjects: 0
[2016-10-24 23:45:19.059] [TRACE] normal -  GET /v1/project?limit=10&offset=20
[2016-10-24 23:47:11.425] [TRACE] normal -  OPTIONS /v1/authTest
[2016-10-24 23:47:11.503] [TRACE] normal -  GET /v1/authTest
[2016-10-24 23:47:15.381] [TRACE] normal -  OPTIONS /v1/project?limit=10&offset=0
[2016-10-24 23:47:31.749] [TRACE] normal - findProjects: 7000
[2016-10-24 23:47:31.749] [TRACE] normal -  GET /v1/project?limit=10&offset=0
[2016-10-24 23:47:39.646] [TRACE] normal -  OPTIONS /v1/project?limit=10&offset=20
[2016-10-24 23:47:41.829] [TRACE] normal - findProjects: 0
[2016-10-24 23:47:41.830] [TRACE] normal -  GET /v1/project?limit=10&offset=20
[2016-10-24 23:47:48.125] [TRACE] normal -  OPTIONS /v1/project?limit=10&offset=30
[2016-10-24 23:47:55.367] [TRACE] normal - findProjects: 3000
[2016-10-24 23:47:55.368] [TRACE] normal -  GET /v1/project?limit=10&offset=30
[2016-10-24 23:48:00.229] [TRACE] normal -  OPTIONS /v1/project?limit=10&offset=20
[2016-10-24 23:48:02.363] [TRACE] normal - findProjects: 1000
[2016-10-24 23:48:02.364] [TRACE] normal -  GET /v1/project?limit=10&offset=20
[2016-10-24 23:48:10.705] [TRACE] normal -  OPTIONS /v1/project?limit=10&offset=60
[2016-10-24 23:48:13.951] [TRACE] normal - findProjects: 0
[2016-10-24 23:48:13.952] [TRACE] normal -  GET /v1/project?limit=10&offset=60
[2016-10-24 23:48:24.970] [TRACE] normal -  OPTIONS /v1/project?limit=10&offset=50
[2016-10-24 23:48:24.983] [TRACE] normal - findProjects: 0
[2016-10-24 23:48:24.983] [TRACE] normal -  GET /v1/project?limit=10&offset=50
